#
# There is insufficient memory for the Java Runtime Environment to continue.
# Native memory allocation (mmap) failed to map 603979776 bytes for G1 virtual space
# Possible reasons:
#   The system is out of physical RAM or swap space
#   The process is running with CompressedOops enabled, and the Java Heap may be blocking the growth of the native heap
# Possible solutions:
#   Reduce memory load on the system
#   Increase physical memory or swap space
#   Check if swap backing store is full
#   Decrease Java heap size (-Xmx/-Xms)
#   Decrease number of Java threads
#   Decrease Java thread stack sizes (-Xss)
#   Set larger code cache with -XX:ReservedCodeCacheSize=
#   JVM is running with Zero Based Compressed Oops mode in which the Java heap is
#     placed in the first 32GB address space. The Java Heap base address is the
#     maximum limit for the native heap growth. Please use -XX:HeapBaseMinAddress
#     to set the Java Heap base and to place the Java Heap above 32GB virtual address.
# This output file may be truncated or incomplete.
#
#  Out of Memory Error (os_windows.cpp:3536), pid=26752, tid=30024
#
# JRE version:  (19.0.2+7) (build )
# Java VM: Java HotSpot(TM) 64-Bit Server VM (19.0.2+7-44, mixed mode, sharing, tiered, compressed oops, compressed class ptrs, g1 gc, windows-amd64)
# No core dump will be written. Minidumps are not enabled by default on client versions of Windows
#

---------------  S U M M A R Y ------------

Command Line: -Dfile.encoding=UTF-8 -XX:+ShowCodeDetailsInExceptionMessages Main

Host: AMD Ryzen 7 5700U with Radeon Graphics         , 16 cores, 35G,  Windows 11 , 64 bit Build 22621 (10.0.22621.2506)
Time: Mon Dec  4 14:41:37 2023 W. Europe Standard Time elapsed time: 0.022644 seconds (0d 0h 0m 0s)

---------------  T H R E A D  ---------------

Current thread (0x000001bd326176f0):  JavaThread "Unknown thread" [_thread_in_vm, id=30024, stack(0x000000603ff00000,0x0000006040000000)]

Stack: [0x000000603ff00000,0x0000006040000000]
Native frames: (J=compiled Java code, j=interpreted, Vv=VM code, C=native code)
V  [jvm.dll+0x6ee21a]
V  [jvm.dll+0x85765e]
V  [jvm.dll+0x85904e]
V  [jvm.dll+0x859703]
V  [jvm.dll+0x28298f]
V  [jvm.dll+0x6eb009]
V  [jvm.dll+0x6dfbaa]
V  [jvm.dll+0x3573f6]
V  [jvm.dll+0x35ee56]
V  [jvm.dll+0x3b541e]
V  [jvm.dll+0x3b564f]
V  [jvm.dll+0x32c9ea]
V  [jvm.dll+0x32d89e]
V  [jvm.dll+0x821780]
V  [jvm.dll+0x3c2661]
V  [jvm.dll+0x801f51]
V  [jvm.dll+0x44ae8f]
V  [jvm.dll+0x44c811]
C  [jli.dll+0x5287]
C  [ucrtbase.dll+0x29363]
C  [KERNEL32.DLL+0x1257d]
C  [ntdll.dll+0x5aa58]


---------------  P R O C E S S  ---------------

Threads class SMR info:
_java_thread_list=0x00007ff8b510d048, length=0, elements={
}

Java Threads: ( => current thread )

Other Threads:
  0x000001bd326b2d60 WorkerThread "GC Thread#0" [stack: 0x0000006040000000,0x0000006040100000] [id=26344]
  0x000001bd326bcdb0 ConcurrentGCThread "G1 Main Marker" [stack: 0x0000006040100000,0x0000006040200000] [id=29608]
  0x000001bd326be790 WorkerThread "G1 Conc#0" [stack: 0x0000006040200000,0x0000006040300000] [id=9540]

[error occurred during error reporting (printing all threads), id 0xc0000005, EXCEPTION_ACCESS_VIOLATION (0xc0000005) at pc=0x00007ff8b48cd427]

VM state: not at safepoint (not fully initialized)

VM Mutex/Monitor currently owned by a thread:  ([mutex/lock_event])
[0x000001bd32612a40] Heap_lock - owner thread: 0x000001bd326176f0

Heap address: 0x00000005c2800000, size: 9176 MB, Compressed Oops mode: Zero based, Oop shift amount: 3

CDS archive(s) mapped at: [0x0000000000000000-0x0000000000000000-0x0000000000000000), size 0, SharedBaseAddress: 0x0000000800000000, ArchiveRelocationMode: 0.
Narrow klass base: 0x0000000000000000, Narrow klass shift: 0, Narrow klass range: 0x0

GC Precious Log:
 CardTable entry size: 512
 Card Set container configuration: InlinePtr #cards 4 size 8 Array Of Cards #cards 64 size 144 Howl #buckets 8 coarsen threshold 14745 Howl Bitmap #cards 2048 size 272 coarsen threshold 1843 Card regions per heap region 1 cards per card region 16384

Heap:
 garbage-first heap   total 0K, used 0K [0x00000005c2800000, 0x0000000800000000)
  region size 8192K, 0 young (0K), 0 survivors (0K)

[error occurred during error reporting (printing heap information), id 0xc0000005, EXCEPTION_ACCESS_VIOLATION (0xc0000005) at pc=0x00007ff8b4cd6649]

GC Heap History (0 events):
No events

Dll operation events (1 events):
Event: 0.008 Loaded shared library C:\Program Files\Java\jdk-19\bin\java.dll

Deoptimization events (0 events):
No events

Classes loaded (0 events):
No events

Classes unloaded (0 events):
No events

Classes redefined (0 events):
No events

Internal exceptions (0 events):
No events

VM Operations (0 events):
No events

Events (0 events):
No events


Dynamic libraries:
0x00007ff6015e0000 - 0x00007ff6015f0000 	C:\Program Files\Java\jdk-19\bin\javaw.exe
0x00007ff902ab0000 - 0x00007ff902cc7000 	C:\WINDOWS\SYSTEM32\ntdll.dll
0x00007ff9016b0000 - 0x00007ff901774000 	C:\WINDOWS\System32\KERNEL32.DLL
0x00007ff9003e0000 - 0x00007ff900785000 	C:\WINDOWS\System32\KERNELBASE.dll
0x00007ff8ffe50000 - 0x00007ff8fff61000 	C:\WINDOWS\System32\ucrtbase.dll
0x00007ff8f0020000 - 0x00007ff8f003b000 	C:\Program Files\Java\jdk-19\bin\VCRUNTIME140.dll
0x00007ff8f8fc0000 - 0x00007ff8f8fd8000 	C:\Program Files\Java\jdk-19\bin\jli.dll
0x00007ff900900000 - 0x00007ff9009b1000 	C:\WINDOWS\System32\ADVAPI32.dll
0x00007ff900ef0000 - 0x00007ff900f97000 	C:\WINDOWS\System32\msvcrt.dll
0x00007ff900af0000 - 0x00007ff900b96000 	C:\WINDOWS\System32\sechost.dll
0x00007ff900c30000 - 0x00007ff900d47000 	C:\WINDOWS\System32\RPCRT4.dll
0x00007ff901e30000 - 0x00007ff901fde000 	C:\WINDOWS\System32\USER32.dll
0x00007ff8ffe20000 - 0x00007ff8ffe46000 	C:\WINDOWS\System32\win32u.dll
0x00007ff8f2150000 - 0x00007ff8f23e3000 	C:\WINDOWS\WinSxS\amd64_microsoft.windows.common-controls_6595b64144ccf1df_6.0.22621.2506_none_270c5ae97388e100\COMCTL32.dll
0x00007ff901680000 - 0x00007ff9016a9000 	C:\WINDOWS\System32\GDI32.dll
0x00007ff8fff70000 - 0x00007ff900089000 	C:\WINDOWS\System32\gdi32full.dll
0x00007ff900110000 - 0x00007ff9001aa000 	C:\WINDOWS\System32\msvcp_win.dll
0x00007ff8f83a0000 - 0x00007ff8f83aa000 	C:\WINDOWS\SYSTEM32\VERSION.dll
0x00007ff900a60000 - 0x00007ff900a91000 	C:\WINDOWS\System32\IMM32.DLL
0x00007ff8fa8f0000 - 0x00007ff8fa8fc000 	C:\Program Files\Java\jdk-19\bin\vcruntime140_1.dll
0x00007ff8ee910000 - 0x00007ff8ee99e000 	C:\Program Files\Java\jdk-19\bin\msvcp140.dll
0x00007ff8b4590000 - 0x00007ff8b5250000 	C:\Program Files\Java\jdk-19\bin\server\jvm.dll
0x00007ff8f8f80000 - 0x00007ff8f8f89000 	C:\WINDOWS\SYSTEM32\WSOCK32.dll
0x00007ff902990000 - 0x00007ff902a01000 	C:\WINDOWS\System32\WS2_32.dll
0x00007ff8f8040000 - 0x00007ff8f8074000 	C:\WINDOWS\SYSTEM32\WINMM.dll
0x00007ff8fece0000 - 0x00007ff8fecf8000 	C:\WINDOWS\SYSTEM32\kernel.appcore.dll
0x00007ff8f8130000 - 0x00007ff8f813a000 	C:\Program Files\Java\jdk-19\bin\jimage.dll
0x00007ff8fd7a0000 - 0x00007ff8fd9d3000 	C:\WINDOWS\SYSTEM32\DBGHELP.DLL
0x00007ff900fa0000 - 0x00007ff901329000 	C:\WINDOWS\System32\combase.dll
0x00007ff9013e0000 - 0x00007ff9014b7000 	C:\WINDOWS\System32\OLEAUT32.dll
0x00007ff8ee600000 - 0x00007ff8ee632000 	C:\WINDOWS\SYSTEM32\dbgcore.DLL
0x00007ff900090000 - 0x00007ff90010a000 	C:\WINDOWS\System32\bcryptPrimitives.dll
0x00007ff8ef590000 - 0x00007ff8ef5b6000 	C:\Program Files\Java\jdk-19\bin\java.dll

dbghelp: loaded successfully - version: 4.0.5 - missing functions: none
symbol engine: initialized successfully - sym options: 0x614 - pdb path: .;C:\Program Files\Java\jdk-19\bin;C:\WINDOWS\SYSTEM32;C:\WINDOWS\WinSxS\amd64_microsoft.windows.common-controls_6595b64144ccf1df_6.0.22621.2506_none_270c5ae97388e100;C:\Program Files\Java\jdk-19\bin\server

VM Arguments:
jvm_args: -Dfile.encoding=UTF-8 -XX:+ShowCodeDetailsInExceptionMessages 
java_command: Main
java_class_path (initial): D:\School\Level9_Java\ThirtySeconds\bin
Launcher Type: SUN_STANDARD

[Global flags]
     intx CICompilerCount                          = 12                                        {product} {ergonomic}
     uint ConcGCThreads                            = 3                                         {product} {ergonomic}
     uint G1ConcRefinementThreads                  = 13                                        {product} {ergonomic}
   size_t G1HeapRegionSize                         = 8388608                                   {product} {ergonomic}
    uintx GCDrainStackTargetSize                   = 64                                        {product} {ergonomic}
   size_t InitialHeapSize                          = 603979776                                 {product} {ergonomic}
   size_t MarkStackSize                            = 4194304                                   {product} {ergonomic}
   size_t MaxHeapSize                              = 9621733376                                {product} {ergonomic}
   size_t MinHeapDeltaBytes                        = 8388608                                   {product} {ergonomic}
   size_t MinHeapSize                              = 8388608                                   {product} {ergonomic}
    uintx NonNMethodCodeHeapSize                   = 7602480                                {pd product} {ergonomic}
    uintx NonProfiledCodeHeapSize                  = 122027880                              {pd product} {ergonomic}
    uintx ProfiledCodeHeapSize                     = 122027880                              {pd product} {ergonomic}
    uintx ReservedCodeCacheSize                    = 251658240                              {pd product} {ergonomic}
     bool SegmentedCodeCache                       = true                                      {product} {ergonomic}
     bool ShowCodeDetailsInExceptionMessages       = true                                   {manageable} {command line}
   size_t SoftMaxHeapSize                          = 9621733376                             {manageable} {ergonomic}
     bool UseCompressedClassPointers               = true                           {product lp64_product} {ergonomic}
     bool UseCompressedOops                        = true                           {product lp64_product} {ergonomic}
     bool UseG1GC                                  = true                                      {product} {ergonomic}
     bool UseLargePagesIndividualAllocation        = false                                  {pd product} {ergonomic}

Logging:
Log output configuration:
 #0: stdout all=warning uptime,level,tags foldmultilines=false
 #1: stderr all=off uptime,level,tags foldmultilines=false

Environment Variables:
PATH=C:\Program Files\Common Files\Oracle\Java\javapath;C:\Program Files (x86)\Common Files\Oracle\Java\javapath;C:\WINDOWS\system32;C:\WINDOWS;C:\WINDOWS\System32\Wbem;C:\WINDOWS\System32\WindowsPowerShell\v1.0\;C:\WINDOWS\System32\OpenSSH\;C:\Program Files\Git\cmd;C:\PHP;C:\ProgramData\ComposerSetup\bin;C:\Program Files\PuTTY\;C:\Program Files\Microsoft SQL Server\150\Tools\Binn\;C:\Program Files\Microsoft SQL Server\Client SDK\ODBC\170\Tools\Binn\;C:\Program Files\dotnet\;C:\Program Files\nodejs\;C:\Program Files\PowerShell\7\;C:\Users\semst\scoop\apps\maven\current\bin;C:\Users\semst\scoop\shims;C:\Users\semst\AppData\Local\Programs\Python\Python311\Scripts\;C:\Users\semst\AppData\Local\Programs\Python\Python311\;C:\Users\semst\AppData\Local\Microsoft\WindowsApps;C:\Users\semst\AppData\Local\Programs\Microsoft VS Code\bin;C:\Users\semst\AppData\Roaming\Composer\vendor\bin;C:\xampp\mysql\bin\;C:\Program Files\JetBrains\PyCharm 2022.3.2\bin;C:\Users\semst\.dotnet\tools;C:\w64devkit\bin;C:\Program Files\CodeBlocks\MinGW\bin;C:\Users\semst\AppData\Roaming\npm;C:\Users\semst\AppData\Local\gitkraken\bin;C:\Program Files (x86)\Vim\vim90;C:\Program Files\R\R-4.3.1\bin\x64;C:\Users\semst\scoop\cache\maven#3.9.5#https_archive.apache.org_dist_maven_maven-3_3.9.5_binaries_apache-maven-3.9.5-bin.zip\apache-maven-3.9.5\bin;;C:\Program Files\JetBrains\IntelliJ IDEA 2023.2.4\bin;
USERNAME=semst
OS=Windows_NT
PROCESSOR_IDENTIFIER=AMD64 Family 23 Model 104 Stepping 1, AuthenticAMD
TMP=C:\Users\semst\AppData\Local\Temp
TEMP=C:\Users\semst\AppData\Local\Temp



---------------  S Y S T E M  ---------------

OS:
 Windows 11 , 64 bit Build 22621 (10.0.22621.2506)
OS uptime: 0 days 3:09 hours
Hyper-V role detected

CPU: total 16 (initial active 16) (16 cores per cpu, 2 threads per core) family 23 model 104 stepping 1 microcode 0x0, cx8, cmov, fxsr, ht, mmx, 3dnowpref, sse, sse2, sse3, ssse3, sse4a, sse4.1, sse4.2, popcnt, lzcnt, tsc, tscinvbit, avx, avx2, aes, clmul, bmi1, bmi2, adx, sha, fma, vzeroupper, clflush, clflushopt, hv, rdtscp, rdpid

Memory: 4k page, system-wide physical 36686M (20439M free)
TotalPageFile size 97575M (AvailPageFile size 469M)
current process WorkingSet (physical memory assigned to process): 12M, peak: 12M
current process commit charge ("private bytes"): 70M, peak: 646M

vm_info: Java HotSpot(TM) 64-Bit Server VM (19.0.2+7-44) for windows-amd64 JRE (19.0.2+7-44), built on 2022-11-30T18:02:09Z by "mach5one" with MS VC++ 17.1 (VS2022)

END.
