#
# There is insufficient memory for the Java Runtime Environment to continue.
# Native memory allocation (malloc) failed to allocate 260336 bytes for Chunk::new
# Possible reasons:
#   The system is out of physical RAM or swap space
#   The process is running with CompressedOops enabled, and the Java Heap may be blocking the growth of the native heap
# Possible solutions:
#   Reduce memory load on the system
#   Increase physical memory or swap space
#   Check if swap backing store is full
#   Decrease Java heap size (-Xmx/-Xms)
#   Decrease number of Java threads
#   Decrease Java thread stack sizes (-Xss)
#   Set larger code cache with -XX:ReservedCodeCacheSize=
#   JVM is running with Zero Based Compressed Oops mode in which the Java heap is
#     placed in the first 32GB address space. The Java Heap base address is the
#     maximum limit for the native heap growth. Please use -XX:HeapBaseMinAddress
#     to set the Java Heap base and to place the Java Heap above 32GB virtual address.
# This output file may be truncated or incomplete.
#
#  Out of Memory Error (arena.cpp:184), pid=15096, tid=14700
#
# JRE version: Java(TM) SE Runtime Environment (19.0.2+7) (build 19.0.2+7-44)
# Java VM: Java HotSpot(TM) 64-Bit Server VM (19.0.2+7-44, mixed mode, sharing, tiered, compressed oops, compressed class ptrs, g1 gc, windows-amd64)
# No core dump will be written. Minidumps are not enabled by default on client versions of Windows
#

---------------  S U M M A R Y ------------

Command Line: -Dfile.encoding=UTF-8 -XX:+ShowCodeDetailsInExceptionMessages Main

Host: AMD Ryzen 7 5700U with Radeon Graphics         , 16 cores, 35G,  Windows 11 , 64 bit Build 22621 (10.0.22621.2506)
Time: Mon Dec  4 14:39:38 2023 W. Europe Standard Time elapsed time: 2.135979 seconds (0d 0h 0m 2s)

---------------  T H R E A D  ---------------

Current thread (0x000001d2f01ec630):  JavaThread "C2 CompilerThread0" daemon [_thread_in_native, id=14700, stack(0x0000008c91f00000,0x0000008c92000000)]


Current CompileTask:
C2:   2136 1139   !   4       sun.font.FontDesignMetrics::getMetrics (265 bytes)

Stack: [0x0000008c91f00000,0x0000008c92000000]
Native frames: (J=compiled Java code, j=interpreted, Vv=VM code, C=native code)
V  [jvm.dll+0x6ee21a]
V  [jvm.dll+0x85765e]
V  [jvm.dll+0x85904e]
V  [jvm.dll+0x859703]
V  [jvm.dll+0x28298f]
V  [jvm.dll+0xc9adf]
V  [jvm.dll+0xc9e65]
V  [jvm.dll+0x3bca12]
V  [jvm.dll+0x3860e1]
V  [jvm.dll+0x38555a]
V  [jvm.dll+0x24c3d9]
V  [jvm.dll+0x24b781]
V  [jvm.dll+0x1d6ce1]
V  [jvm.dll+0x25b25a]
V  [jvm.dll+0x2596e8]
V  [jvm.dll+0x807588]
V  [jvm.dll+0x80125a]
V  [jvm.dll+0x6ecf0b]
C  [ucrtbase.dll+0x29363]
C  [KERNEL32.DLL+0x1257d]
C  [ntdll.dll+0x5aa58]


---------------  P R O C E S S  ---------------

Threads class SMR info:
_java_thread_list=0x000001d2f7f58c10, length=25, elements={
0x000001d2f01d5000, 0x000001d2f01d5cf0, 0x000001d2f01dd9c0, 0x000001d2f01e07c0,
0x000001d2f01e58f0, 0x000001d2f01e69c0, 0x000001d2f01ec630, 0x000001d2f01ea850,
0x000001d2f7110060, 0x000001d2f72205b0, 0x000001d2f7232290, 0x000001d2f7253e70,
0x000001d2f74a5f00, 0x000001d2f74c1f60, 0x000001d2f74c5370, 0x000001d2f7bd38d0,
0x000001d2f7221bf0, 0x000001d2f7222710, 0x000001d2f7bf55b0, 0x000001d2f7e0e690,
0x000001d2f7223230, 0x000001d2f7e7c040, 0x000001d2f7e7c5d0, 0x000001d2f7e7aa00,
0x000001d2f7a07290
}

Java Threads: ( => current thread )
  0x000001d2f01d5000 JavaThread "Reference Handler" daemon [_thread_blocked, id=26328, stack(0x0000008c91900000,0x0000008c91a00000)]
  0x000001d2f01d5cf0 JavaThread "Finalizer" daemon [_thread_blocked, id=7552, stack(0x0000008c91a00000,0x0000008c91b00000)]
  0x000001d2f01dd9c0 JavaThread "Signal Dispatcher" daemon [_thread_blocked, id=30616, stack(0x0000008c91b00000,0x0000008c91c00000)]
  0x000001d2f01e07c0 JavaThread "Attach Listener" daemon [_thread_blocked, id=27132, stack(0x0000008c91c00000,0x0000008c91d00000)]
  0x000001d2f01e58f0 JavaThread "Service Thread" daemon [_thread_blocked, id=30736, stack(0x0000008c91d00000,0x0000008c91e00000)]
  0x000001d2f01e69c0 JavaThread "Monitor Deflation Thread" daemon [_thread_blocked, id=20248, stack(0x0000008c91e00000,0x0000008c91f00000)]
=>0x000001d2f01ec630 JavaThread "C2 CompilerThread0" daemon [_thread_in_native, id=14700, stack(0x0000008c91f00000,0x0000008c92000000)]
  0x000001d2f01ea850 JavaThread "C1 CompilerThread0" daemon [_thread_blocked, id=30076, stack(0x0000008c92000000,0x0000008c92100000)]
  0x000001d2f7110060 JavaThread "Sweeper thread" daemon [_thread_blocked, id=30864, stack(0x0000008c92100000,0x0000008c92200000)]
  0x000001d2f72205b0 JavaThread "C1 CompilerThread1" daemon [_thread_blocked, id=31504, stack(0x0000008c92200000,0x0000008c92300000)]
  0x000001d2f7232290 JavaThread "Notification Thread" daemon [_thread_blocked, id=25300, stack(0x0000008c92300000,0x0000008c92400000)]
  0x000001d2f7253e70 JavaThread "Common-Cleaner" daemon [_thread_blocked, id=29924, stack(0x0000008c92500000,0x0000008c92600000)]
  0x000001d2f74a5f00 JavaThread "Java2D Disposer" daemon [_thread_blocked, id=30792, stack(0x0000008c92600000,0x0000008c92700000)]
  0x000001d2f74c1f60 JavaThread "AWT-Shutdown" [_thread_blocked, id=31096, stack(0x0000008c92700000,0x0000008c92800000)]
  0x000001d2f74c5370 JavaThread "AWT-Windows" daemon [_thread_in_native, id=29100, stack(0x0000008c92800000,0x0000008c92900000)]
  0x000001d2f7bd38d0 JavaThread "Image Fetcher 0" daemon [_thread_blocked, id=28824, stack(0x0000008c93500000,0x0000008c93600000)]
  0x000001d2f7221bf0 JavaThread "C1 CompilerThread2" daemon [_thread_blocked, id=25712, stack(0x0000008c93600000,0x0000008c93700000)]
  0x000001d2f7222710 JavaThread "C1 CompilerThread3" daemon [_thread_blocked, id=27728, stack(0x0000008c93700000,0x0000008c93800000)]
  0x000001d2f7bf55b0 JavaThread "AWT-EventQueue-0" [_thread_in_vm, id=30360, stack(0x0000008c93800000,0x0000008c93900000)]
  0x000001d2f7e0e690 JavaThread "D3D Screen Updater" daemon [_thread_blocked, id=20924, stack(0x0000008c93900000,0x0000008c93a00000)]
  0x000001d2f7223230 JavaThread "C2 CompilerThread1" daemon [_thread_in_native, id=29432, stack(0x0000008c93a00000,0x0000008c93b00000)]
  0x000001d2f7e7c040 JavaThread "C2 CompilerThread2" daemon [_thread_in_native, id=30104, stack(0x0000008c93b00000,0x0000008c93c00000)]
  0x000001d2f7e7c5d0 JavaThread "C2 CompilerThread3" daemon [_thread_in_native, id=29232, stack(0x0000008c93c00000,0x0000008c93d00000)]
  0x000001d2f7e7aa00 JavaThread "C2 CompilerThread4" daemon [_thread_blocked, id=27864, stack(0x0000008c93d00000,0x0000008c93e00000)]
  0x000001d2f7a07290 JavaThread "DestroyJavaVM" [_thread_blocked, id=30640, stack(0x0000008c91200000,0x0000008c91300000)]

Other Threads:
  0x000001d2f01c1150 VMThread "VM Thread" [stack: 0x0000008c91800000,0x0000008c91900000] [id=22536]
  0x000001d2f7252ff0 WatcherThread "VM Periodic Task Thread" [stack: 0x0000008c92400000,0x0000008c92500000] [id=31032]
  0x000001d2c34148d0 WorkerThread "GC Thread#0" [stack: 0x0000008c91300000,0x0000008c91400000] [id=30800]
  0x000001d2c343d500 ConcurrentGCThread "G1 Main Marker" [stack: 0x0000008c91400000,0x0000008c91500000] [id=30388]
  0x000001d2c343df30 WorkerThread "G1 Conc#0" [stack: 0x0000008c91500000,0x0000008c91600000] [id=28248]
  0x000001d2f007c310 ConcurrentGCThread "G1 Refine#0" [stack: 0x0000008c91600000,0x0000008c91700000] [id=30172]
  0x000001d2f007ce50 ConcurrentGCThread "G1 Service" [stack: 0x0000008c91700000,0x0000008c91800000] [id=7916]

Threads with active compile tasks:
C2 CompilerThread0     2147 1139   !   4       sun.font.FontDesignMetrics::getMetrics (265 bytes)
C2 CompilerThread1     2147 1217       4       sun.swing.SwingUtilities2::getFontCharWidth (15 bytes)
C2 CompilerThread2     2147 1215       4       java.awt.Font::getStringBounds (219 bytes)
C2 CompilerThread3     2147 1165       4       sun.swing.SwingUtilities2::getFontCharsWidth (45 bytes)

VM state: not at safepoint (normal execution)

VM Mutex/Monitor currently owned by a thread: None

Heap address: 0x00000005c2800000, size: 9176 MB, Compressed Oops mode: Zero based, Oop shift amount: 3

CDS archive(s) mapped at: [0x0000000800000000-0x0000000800c40000-0x0000000800c40000), size 12845056, SharedBaseAddress: 0x0000000800000000, ArchiveRelocationMode: 0.
Compressed class space mapped at: 0x0000000801000000-0x0000000841000000, reserved size: 1073741824
Narrow klass base: 0x0000000800000000, Narrow klass shift: 0, Narrow klass range: 0x100000000

GC Precious Log:
 CardTable entry size: 512
 Card Set container configuration: InlinePtr #cards 4 size 8 Array Of Cards #cards 64 size 144 Howl #buckets 8 coarsen threshold 14745 Howl Bitmap #cards 2048 size 272 coarsen threshold 1843 Card regions per heap region 1 cards per card region 16384
 CPUs: 16 total, 16 available
 Memory: 36686M
 Large Page Support: Disabled
 NUMA Support: Disabled
 Compressed Oops: Enabled (Zero based)
 Heap Region Size: 8M
 Heap Min Capacity: 8M
 Heap Initial Capacity: 576M
 Heap Max Capacity: 9176M
 Pre-touch: Disabled
 Parallel Workers: 13
 Concurrent Workers: 3
 Concurrent Refinement Workers: 13
 Periodic GC: Disabled

Heap:
 garbage-first heap   total 589824K, used 0K [0x00000005c2800000, 0x0000000800000000)
  region size 8192K, 2 young (16384K), 0 survivors (0K)
 Metaspace       used 8655K, committed 8896K, reserved 1114112K
  class space    used 946K, committed 1024K, reserved 1048576K

Heap Regions: E=young(eden), S=young(survivor), O=old, HS=humongous(starts), HC=humongous(continues), CS=collection set, F=free, OA=open archive, CA=closed archive, TAMS=top-at-mark-start (previous, next)
|   0|0x00000005c2800000, 0x00000005c2800000, 0x00000005c3000000|  0%| F|  |TAMS 0x00000005c2800000, 0x00000005c2800000| Untracked 
|   1|0x00000005c3000000, 0x00000005c3000000, 0x00000005c3800000|  0%| F|  |TAMS 0x00000005c3000000, 0x00000005c3000000| Untracked 
|   2|0x00000005c3800000, 0x00000005c3800000, 0x00000005c4000000|  0%| F|  |TAMS 0x00000005c3800000, 0x00000005c3800000| Untracked 
|   3|0x00000005c4000000, 0x00000005c4000000, 0x00000005c4800000|  0%| F|  |TAMS 0x00000005c4000000, 0x00000005c4000000| Untracked 
|   4|0x00000005c4800000, 0x00000005c4800000, 0x00000005c5000000|  0%| F|  |TAMS 0x00000005c4800000, 0x00000005c4800000| Untracked 
|   5|0x00000005c5000000, 0x00000005c5000000, 0x00000005c5800000|  0%| F|  |TAMS 0x00000005c5000000, 0x00000005c5000000| Untracked 
|   6|0x00000005c5800000, 0x00000005c5800000, 0x00000005c6000000|  0%| F|  |TAMS 0x00000005c5800000, 0x00000005c5800000| Untracked 
|   7|0x00000005c6000000, 0x00000005c6000000, 0x00000005c6800000|  0%| F|  |TAMS 0x00000005c6000000, 0x00000005c6000000| Untracked 
|   8|0x00000005c6800000, 0x00000005c6800000, 0x00000005c7000000|  0%| F|  |TAMS 0x00000005c6800000, 0x00000005c6800000| Untracked 
|   9|0x00000005c7000000, 0x00000005c7000000, 0x00000005c7800000|  0%| F|  |TAMS 0x00000005c7000000, 0x00000005c7000000| Untracked 
|  10|0x00000005c7800000, 0x00000005c7800000, 0x00000005c8000000|  0%| F|  |TAMS 0x00000005c7800000, 0x00000005c7800000| Untracked 
|  11|0x00000005c8000000, 0x00000005c8000000, 0x00000005c8800000|  0%| F|  |TAMS 0x00000005c8000000, 0x00000005c8000000| Untracked 
|  12|0x00000005c8800000, 0x00000005c8800000, 0x00000005c9000000|  0%| F|  |TAMS 0x00000005c8800000, 0x00000005c8800000| Untracked 
|  13|0x00000005c9000000, 0x00000005c9000000, 0x00000005c9800000|  0%| F|  |TAMS 0x00000005c9000000, 0x00000005c9000000| Untracked 
|  14|0x00000005c9800000, 0x00000005c9800000, 0x00000005ca000000|  0%| F|  |TAMS 0x00000005c9800000, 0x00000005c9800000| Untracked 
|  15|0x00000005ca000000, 0x00000005ca000000, 0x00000005ca800000|  0%| F|  |TAMS 0x00000005ca000000, 0x00000005ca000000| Untracked 
|  16|0x00000005ca800000, 0x00000005ca800000, 0x00000005cb000000|  0%| F|  |TAMS 0x00000005ca800000, 0x00000005ca800000| Untracked 
|  17|0x00000005cb000000, 0x00000005cb000000, 0x00000005cb800000|  0%| F|  |TAMS 0x00000005cb000000, 0x00000005cb000000| Untracked 
|  18|0x00000005cb800000, 0x00000005cb800000, 0x00000005cc000000|  0%| F|  |TAMS 0x00000005cb800000, 0x00000005cb800000| Untracked 
|  19|0x00000005cc000000, 0x00000005cc000000, 0x00000005cc800000|  0%| F|  |TAMS 0x00000005cc000000, 0x00000005cc000000| Untracked 
|  20|0x00000005cc800000, 0x00000005cc800000, 0x00000005cd000000|  0%| F|  |TAMS 0x00000005cc800000, 0x00000005cc800000| Untracked 
|  21|0x00000005cd000000, 0x00000005cd000000, 0x00000005cd800000|  0%| F|  |TAMS 0x00000005cd000000, 0x00000005cd000000| Untracked 
|  22|0x00000005cd800000, 0x00000005cd800000, 0x00000005ce000000|  0%| F|  |TAMS 0x00000005cd800000, 0x00000005cd800000| Untracked 
|  23|0x00000005ce000000, 0x00000005ce000000, 0x00000005ce800000|  0%| F|  |TAMS 0x00000005ce000000, 0x00000005ce000000| Untracked 
|  24|0x00000005ce800000, 0x00000005ce800000, 0x00000005cf000000|  0%| F|  |TAMS 0x00000005ce800000, 0x00000005ce800000| Untracked 
|  25|0x00000005cf000000, 0x00000005cf000000, 0x00000005cf800000|  0%| F|  |TAMS 0x00000005cf000000, 0x00000005cf000000| Untracked 
|  26|0x00000005cf800000, 0x00000005cf800000, 0x00000005d0000000|  0%| F|  |TAMS 0x00000005cf800000, 0x00000005cf800000| Untracked 
|  27|0x00000005d0000000, 0x00000005d0000000, 0x00000005d0800000|  0%| F|  |TAMS 0x00000005d0000000, 0x00000005d0000000| Untracked 
|  28|0x00000005d0800000, 0x00000005d0800000, 0x00000005d1000000|  0%| F|  |TAMS 0x00000005d0800000, 0x00000005d0800000| Untracked 
|  29|0x00000005d1000000, 0x00000005d1000000, 0x00000005d1800000|  0%| F|  |TAMS 0x00000005d1000000, 0x00000005d1000000| Untracked 
|  30|0x00000005d1800000, 0x00000005d1800000, 0x00000005d2000000|  0%| F|  |TAMS 0x00000005d1800000, 0x00000005d1800000| Untracked 
|  31|0x00000005d2000000, 0x00000005d2000000, 0x00000005d2800000|  0%| F|  |TAMS 0x00000005d2000000, 0x00000005d2000000| Untracked 
|  32|0x00000005d2800000, 0x00000005d2800000, 0x00000005d3000000|  0%| F|  |TAMS 0x00000005d2800000, 0x00000005d2800000| Untracked 
|  33|0x00000005d3000000, 0x00000005d3000000, 0x00000005d3800000|  0%| F|  |TAMS 0x00000005d3000000, 0x00000005d3000000| Untracked 
|  34|0x00000005d3800000, 0x00000005d3800000, 0x00000005d4000000|  0%| F|  |TAMS 0x00000005d3800000, 0x00000005d3800000| Untracked 
|  35|0x00000005d4000000, 0x00000005d4000000, 0x00000005d4800000|  0%| F|  |TAMS 0x00000005d4000000, 0x00000005d4000000| Untracked 
|  36|0x00000005d4800000, 0x00000005d4800000, 0x00000005d5000000|  0%| F|  |TAMS 0x00000005d4800000, 0x00000005d4800000| Untracked 
|  37|0x00000005d5000000, 0x00000005d5000000, 0x00000005d5800000|  0%| F|  |TAMS 0x00000005d5000000, 0x00000005d5000000| Untracked 
|  38|0x00000005d5800000, 0x00000005d5800000, 0x00000005d6000000|  0%| F|  |TAMS 0x00000005d5800000, 0x00000005d5800000| Untracked 
|  39|0x00000005d6000000, 0x00000005d6000000, 0x00000005d6800000|  0%| F|  |TAMS 0x00000005d6000000, 0x00000005d6000000| Untracked 
|  40|0x00000005d6800000, 0x00000005d6800000, 0x00000005d7000000|  0%| F|  |TAMS 0x00000005d6800000, 0x00000005d6800000| Untracked 
|  41|0x00000005d7000000, 0x00000005d7000000, 0x00000005d7800000|  0%| F|  |TAMS 0x00000005d7000000, 0x00000005d7000000| Untracked 
|  42|0x00000005d7800000, 0x00000005d7800000, 0x00000005d8000000|  0%| F|  |TAMS 0x00000005d7800000, 0x00000005d7800000| Untracked 
|  43|0x00000005d8000000, 0x00000005d8000000, 0x00000005d8800000|  0%| F|  |TAMS 0x00000005d8000000, 0x00000005d8000000| Untracked 
|  44|0x00000005d8800000, 0x00000005d8800000, 0x00000005d9000000|  0%| F|  |TAMS 0x00000005d8800000, 0x00000005d8800000| Untracked 
|  45|0x00000005d9000000, 0x00000005d9000000, 0x00000005d9800000|  0%| F|  |TAMS 0x00000005d9000000, 0x00000005d9000000| Untracked 
|  46|0x00000005d9800000, 0x00000005d9800000, 0x00000005da000000|  0%| F|  |TAMS 0x00000005d9800000, 0x00000005d9800000| Untracked 
|  47|0x00000005da000000, 0x00000005da000000, 0x00000005da800000|  0%| F|  |TAMS 0x00000005da000000, 0x00000005da000000| Untracked 
|  48|0x00000005da800000, 0x00000005da800000, 0x00000005db000000|  0%| F|  |TAMS 0x00000005da800000, 0x00000005da800000| Untracked 
|  49|0x00000005db000000, 0x00000005db000000, 0x00000005db800000|  0%| F|  |TAMS 0x00000005db000000, 0x00000005db000000| Untracked 
|  50|0x00000005db800000, 0x00000005db800000, 0x00000005dc000000|  0%| F|  |TAMS 0x00000005db800000, 0x00000005db800000| Untracked 
|  51|0x00000005dc000000, 0x00000005dc000000, 0x00000005dc800000|  0%| F|  |TAMS 0x00000005dc000000, 0x00000005dc000000| Untracked 
|  52|0x00000005dc800000, 0x00000005dc800000, 0x00000005dd000000|  0%| F|  |TAMS 0x00000005dc800000, 0x00000005dc800000| Untracked 
|  53|0x00000005dd000000, 0x00000005dd000000, 0x00000005dd800000|  0%| F|  |TAMS 0x00000005dd000000, 0x00000005dd000000| Untracked 
|  54|0x00000005dd800000, 0x00000005dd800000, 0x00000005de000000|  0%| F|  |TAMS 0x00000005dd800000, 0x00000005dd800000| Untracked 
|  55|0x00000005de000000, 0x00000005de000000, 0x00000005de800000|  0%| F|  |TAMS 0x00000005de000000, 0x00000005de000000| Untracked 
|  56|0x00000005de800000, 0x00000005de800000, 0x00000005df000000|  0%| F|  |TAMS 0x00000005de800000, 0x00000005de800000| Untracked 
|  57|0x00000005df000000, 0x00000005df000000, 0x00000005df800000|  0%| F|  |TAMS 0x00000005df000000, 0x00000005df000000| Untracked 
|  58|0x00000005df800000, 0x00000005df800000, 0x00000005e0000000|  0%| F|  |TAMS 0x00000005df800000, 0x00000005df800000| Untracked 
|  59|0x00000005e0000000, 0x00000005e0000000, 0x00000005e0800000|  0%| F|  |TAMS 0x00000005e0000000, 0x00000005e0000000| Untracked 
|  60|0x00000005e0800000, 0x00000005e0800000, 0x00000005e1000000|  0%| F|  |TAMS 0x00000005e0800000, 0x00000005e0800000| Untracked 
|  61|0x00000005e1000000, 0x00000005e1000000, 0x00000005e1800000|  0%| F|  |TAMS 0x00000005e1000000, 0x00000005e1000000| Untracked 
|  62|0x00000005e1800000, 0x00000005e1800000, 0x00000005e2000000|  0%| F|  |TAMS 0x00000005e1800000, 0x00000005e1800000| Untracked 
|  63|0x00000005e2000000, 0x00000005e2000000, 0x00000005e2800000|  0%| F|  |TAMS 0x00000005e2000000, 0x00000005e2000000| Untracked 
|  64|0x00000005e2800000, 0x00000005e2800000, 0x00000005e3000000|  0%| F|  |TAMS 0x00000005e2800000, 0x00000005e2800000| Untracked 
|  65|0x00000005e3000000, 0x00000005e3000000, 0x00000005e3800000|  0%| F|  |TAMS 0x00000005e3000000, 0x00000005e3000000| Untracked 
|  66|0x00000005e3800000, 0x00000005e3800000, 0x00000005e4000000|  0%| F|  |TAMS 0x00000005e3800000, 0x00000005e3800000| Untracked 
|  67|0x00000005e4000000, 0x00000005e4000000, 0x00000005e4800000|  0%| F|  |TAMS 0x00000005e4000000, 0x00000005e4000000| Untracked 
|  68|0x00000005e4800000, 0x00000005e4800000, 0x00000005e5000000|  0%| F|  |TAMS 0x00000005e4800000, 0x00000005e4800000| Untracked 
|  69|0x00000005e5000000, 0x00000005e5000000, 0x00000005e5800000|  0%| F|  |TAMS 0x00000005e5000000, 0x00000005e5000000| Untracked 
|  70|0x00000005e5800000, 0x00000005e5ec3508, 0x00000005e6000000| 84%| E|  |TAMS 0x00000005e5800000, 0x00000005e5800000| Complete 
|  71|0x00000005e6000000, 0x00000005e6800000, 0x00000005e6800000|100%| E|  |TAMS 0x00000005e6000000, 0x00000005e6000000| Complete 

Card table byte_map: [0x000001d2dbd60000,0x000001d2dcf50000] _byte_map_base: 0x000001d2d8f4c000

Marking Bits (Prev, Next): (CMBitMap*) 0x000001d2c3414f00, (CMBitMap*) 0x000001d2c3414f40
 Prev Bits: [0x000001d2de140000, 0x000001d2e70a0000)
 Next Bits: [0x000001d2e70a0000, 0x000001d2f0000000)

Polling page: 0x000001d2c2b40000

Metaspace:

Usage:
  Non-class:      7.53 MB used.
      Class:    946.31 KB used.
       Both:      8.45 MB used.

Virtual space:
  Non-class space:       64.00 MB reserved,       7.69 MB ( 12%) committed,  1 nodes.
      Class space:        1.00 GB reserved,       1.00 MB ( <1%) committed,  1 nodes.
             Both:        1.06 GB reserved,       8.69 MB ( <1%) committed. 

Chunk freelists:
   Non-Class:  234.00 KB
       Class:  3.01 MB
        Both:  3.24 MB

MaxMetaspaceSize: unlimited
CompressedClassSpaceSize: 1.00 GB
Initial GC threshold: 21.00 MB
Current GC threshold: 21.00 MB
CDS: on
MetaspaceReclaimPolicy: balanced
 - commit_granule_bytes: 65536.
 - commit_granule_words: 8192.
 - virtual_space_node_default_size: 8388608.
 - enlarge_chunks_in_place: 1.
 - new_chunks_are_fully_committed: 0.
 - uncommit_free_chunks: 1.
 - use_allocation_guard: 0.


Internal statistics:

num_allocs_failed_limit: 0.
num_arena_births: 176.
num_arena_deaths: 0.
num_vsnodes_births: 2.
num_vsnodes_deaths: 0.
num_space_committed: 139.
num_space_uncommitted: 0.
num_chunks_returned_to_freelist: 0.
num_chunks_taken_from_freelist: 208.
num_chunk_merges: 0.
num_chunk_splits: 138.
num_chunks_enlarged: 86.
num_inconsistent_stats: 0.

CodeHeap 'non-profiled nmethods': size=119168Kb used=322Kb max_used=322Kb free=118845Kb
 bounds [0x000001d2d2e80000, 0x000001d2d30f0000, 0x000001d2da2e0000]
CodeHeap 'profiled nmethods': size=119104Kb used=1943Kb max_used=1943Kb free=117161Kb
 bounds [0x000001d2cb2e0000, 0x000001d2cb550000, 0x000001d2d2730000]
CodeHeap 'non-nmethods': size=7488Kb used=3074Kb max_used=3102Kb free=4413Kb
 bounds [0x000001d2d2730000, 0x000001d2d2a40000, 0x000001d2d2e80000]
 total_blobs=1860 nmethods=1223 adapters=545
 compilation: enabled
              stopped_count=0, restarted_count=0
 full_count=0

Compilation events (20 events):
Event: 2.113 Thread 0x000001d2f72205b0 nmethod 1223 0x000001d2cb4c5590 code [0x000001d2cb4c5780, 0x000001d2cb4c5a98]
Event: 2.114 Thread 0x000001d2f7e7c040 nmethod 1156 0x000001d2d2ecdb90 code [0x000001d2d2ecdd40, 0x000001d2d2ece238]
Event: 2.114 Thread 0x000001d2f7e7c040 1180       4       java.util.concurrent.locks.ReentrantLock::lock (8 bytes)
Event: 2.115 Thread 0x000001d2f7223230 nmethod 1226 0x000001d2d2ece590 code [0x000001d2d2ece720, 0x000001d2d2ece858]
Event: 2.115 Thread 0x000001d2f7e7c5d0 nmethod 1216 0x000001d2d2ece990 code [0x000001d2d2eceb20, 0x000001d2d2ecec38]
Event: 2.115 Thread 0x000001d2f7e7c5d0 1133       4       javax.swing.text.Segment::current (36 bytes)
Event: 2.115 Thread 0x000001d2f7223230 1183       4       java.util.concurrent.locks.ReentrantLock::unlock (10 bytes)
Event: 2.117 Thread 0x000001d2f7e7c5d0 nmethod 1133 0x000001d2d2eced10 code [0x000001d2d2eceea0, 0x000001d2d2ecef98]
Event: 2.118 Thread 0x000001d2f7e7c5d0 1165       4       sun.swing.SwingUtilities2::getFontCharsWidth (45 bytes)
Event: 2.120 Thread 0x000001d2f7e7aa00 nmethod 1218 0x000001d2d2ecf090 code [0x000001d2d2ecf260, 0x000001d2d2ecf548]
Event: 2.120 Thread 0x000001d2f7223230 nmethod 1183 0x000001d2d2ecf810 code [0x000001d2d2ecf9a0, 0x000001d2d2ecfb58]
Event: 2.120 Thread 0x000001d2f7e7aa00 1185       4       javax.swing.text.GapContent$MarkData::getOffset (46 bytes)
Event: 2.120 Thread 0x000001d2f7223230 1148       4       javax.swing.text.Segment::next (41 bytes)
Event: 2.121 Thread 0x000001d2f7e7c040 nmethod 1180 0x000001d2d2ecfd10 code [0x000001d2d2ecfea0, 0x000001d2d2ed0088]
Event: 2.121 Thread 0x000001d2f7e7c040 1215       4       java.awt.Font::getStringBounds (219 bytes)
Event: 2.122 Thread 0x000001d2f7e7aa00 nmethod 1185 0x000001d2d2ed0190 code [0x000001d2d2ed0320, 0x000001d2d2ed03d8]
Event: 2.122 Thread 0x000001d2f7e7aa00 1219       4       java.awt.geom.Rectangle2D$Float::<init> (14 bytes)
Event: 2.122 Thread 0x000001d2f7223230 nmethod 1148 0x000001d2d2ed0490 code [0x000001d2d2ed0620, 0x000001d2d2ed0718]
Event: 2.122 Thread 0x000001d2f7223230 1217       4       sun.swing.SwingUtilities2::getFontCharWidth (15 bytes)
Event: 2.122 Thread 0x000001d2f7e7aa00 nmethod 1219 0x000001d2d2ed0810 code [0x000001d2d2ed0980, 0x000001d2d2ed0a18]

GC Heap History (0 events):
No events

Dll operation events (9 events):
Event: 0.007 Loaded shared library C:\Program Files\Java\jdk-19\bin\java.dll
Event: 1.300 Loaded shared library C:\Program Files\Java\jdk-19\bin\jsvml.dll
Event: 1.389 Loaded shared library C:\Program Files\Java\jdk-19\bin\jimage.dll
Event: 1.405 Loaded shared library C:\Program Files\Java\jdk-19\bin\awt.dll
Event: 1.737 Loaded shared library C:\Program Files\Java\jdk-19\bin\zip.dll
Event: 1.827 Loaded shared library C:\Program Files\Java\jdk-19\bin\freetype.dll
Event: 1.828 Loaded shared library C:\Program Files\Java\jdk-19\bin\fontmanager.dll
Event: 1.950 Loaded shared library C:\Program Files\Java\jdk-19\bin\net.dll
Event: 1.951 Loaded shared library C:\Program Files\Java\jdk-19\bin\nio.dll

Deoptimization events (20 events):
Event: 2.025 Thread 0x000001d2c33792b0 Uncommon trap: trap_request=0xffffffde fr.pc=0x000001d2d2e9ee44 relative=0x00000000000001a4
Event: 2.025 Thread 0x000001d2c33792b0 Uncommon trap: reason=class_check action=maybe_recompile pc=0x000001d2d2e9ee44 method=java.lang.String.equals(Ljava/lang/Object;)Z @ 8 c2
Event: 2.025 Thread 0x000001d2c33792b0 DEOPT PACKING pc=0x000001d2d2e9ee44 sp=0x0000008c912fe100
Event: 2.025 Thread 0x000001d2c33792b0 DEOPT UNPACKING pc=0x000001d2d2796da3 sp=0x0000008c912fe0a8 mode 2
Event: 2.026 Thread 0x000001d2c33792b0 Uncommon trap: trap_request=0xffffffde fr.pc=0x000001d2d2e9ee44 relative=0x00000000000001a4
Event: 2.026 Thread 0x000001d2c33792b0 Uncommon trap: reason=class_check action=maybe_recompile pc=0x000001d2d2e9ee44 method=java.lang.String.equals(Ljava/lang/Object;)Z @ 8 c2
Event: 2.026 Thread 0x000001d2c33792b0 DEOPT PACKING pc=0x000001d2d2e9ee44 sp=0x0000008c912fe7e0
Event: 2.026 Thread 0x000001d2c33792b0 DEOPT UNPACKING pc=0x000001d2d2796da3 sp=0x0000008c912fe788 mode 2
Event: 2.027 Thread 0x000001d2c33792b0 Uncommon trap: trap_request=0xffffffde fr.pc=0x000001d2d2e9ee44 relative=0x00000000000001a4
Event: 2.027 Thread 0x000001d2c33792b0 Uncommon trap: reason=class_check action=maybe_recompile pc=0x000001d2d2e9ee44 method=java.lang.String.equals(Ljava/lang/Object;)Z @ 8 c2
Event: 2.027 Thread 0x000001d2c33792b0 DEOPT PACKING pc=0x000001d2d2e9ee44 sp=0x0000008c912fe5f0
Event: 2.027 Thread 0x000001d2c33792b0 DEOPT UNPACKING pc=0x000001d2d2796da3 sp=0x0000008c912fe598 mode 2
Event: 2.039 Thread 0x000001d2c33792b0 Uncommon trap: trap_request=0xffffff45 fr.pc=0x000001d2d2eba520 relative=0x0000000000000a00
Event: 2.039 Thread 0x000001d2c33792b0 Uncommon trap: reason=unstable_if action=reinterpret pc=0x000001d2d2eba520 method=java.util.HashMap.putVal(ILjava/lang/Object;Ljava/lang/Object;ZZ)Ljava/lang/Object; @ 181 c2
Event: 2.039 Thread 0x000001d2c33792b0 DEOPT PACKING pc=0x000001d2d2eba520 sp=0x0000008c912fd610
Event: 2.039 Thread 0x000001d2c33792b0 DEOPT UNPACKING pc=0x000001d2d2796da3 sp=0x0000008c912fd548 mode 2
Event: 2.095 Thread 0x000001d2c33792b0 Uncommon trap: trap_request=0xffffff45 fr.pc=0x000001d2d2ec5bcc relative=0x00000000000000ac
Event: 2.095 Thread 0x000001d2c33792b0 Uncommon trap: reason=unstable_if action=reinterpret pc=0x000001d2d2ec5bcc method=java.awt.font.FontRenderContext.equals(Ljava/awt/font/FontRenderContext;)Z @ 35 c2
Event: 2.095 Thread 0x000001d2c33792b0 DEOPT PACKING pc=0x000001d2d2ec5bcc sp=0x0000008c912fdbe0
Event: 2.095 Thread 0x000001d2c33792b0 DEOPT UNPACKING pc=0x000001d2d2796da3 sp=0x0000008c912fdb78 mode 2

Classes loaded (20 events):
Event: 2.061 Loading class javax/swing/JEditorPane
Event: 2.065 Loading class javax/swing/JEditorPane done
Event: 2.095 Loading class sun/swing/SwingUtilities2$KeyPair
Event: 2.095 Loading class sun/swing/SwingUtilities2$KeyPair done
Event: 2.099 Loading class javax/swing/CellRendererPane
Event: 2.099 Loading class javax/swing/CellRendererPane done
Event: 2.099 Loading class java/applet/Applet
Event: 2.099 Loading class java/awt/Panel
Event: 2.099 Loading class java/awt/Panel done
Event: 2.099 Loading class java/applet/Applet done
Event: 2.100 Loading class javax/swing/RepaintManager$3
Event: 2.100 Loading class javax/swing/RepaintManager$3 done
Event: 2.110 Loading class javax/swing/border/BevelBorder
Event: 2.110 Loading class javax/swing/border/BevelBorder done
Event: 2.111 Loading class java/awt/print/PrinterGraphics
Event: 2.111 Loading class java/awt/print/PrinterGraphics done
Event: 2.111 Loading class java/awt/PrintGraphics
Event: 2.111 Loading class java/awt/PrintGraphics done
Event: 2.111 Loading class sun/java2d/loops/FontInfo
Event: 2.111 Loading class sun/java2d/loops/FontInfo done

Classes unloaded (0 events):
No events

Classes redefined (0 events):
No events

Internal exceptions (13 events):
Event: 1.395 Thread 0x000001d2c33792b0 Exception <a 'java/lang/ClassNotFoundException'{0x00000005e6231168}: sun/awt/resources/spi/awtProvider> (0x00000005e6231168) 
thrown [s\open\src\hotspot\share\classfile\systemDictionary.cpp, line 255]
Event: 1.437 Thread 0x000001d2c33792b0 Exception <a 'java/io/FileNotFoundException'{0x00000005e6380160}> (0x00000005e6380160) 
thrown [s\open\src\hotspot\share\prims\jni.cpp, line 517]
Event: 1.444 Thread 0x000001d2c33792b0 Exception <a 'java/io/FileNotFoundException'{0x00000005e63ac688}> (0x00000005e63ac688) 
thrown [s\open\src\hotspot\share\prims\jni.cpp, line 517]
Event: 1.504 Thread 0x000001d2c33792b0 Exception <a 'java/lang/NoSuchMethodError'{0x00000005e63f6ed0}: 'java.lang.Object java.lang.invoke.DirectMethodHandle$Holder.invokeStaticInit(java.lang.Object)'> (0x00000005e63f6ed0) 
thrown [s\open\src\hotspot\share\interpreter\linkResolver.cpp, line 774]
Event: 1.688 Thread 0x000001d2c33792b0 Exception <a 'java/lang/NoSuchMethodError'{0x00000005e644cc70}: 'void java.lang.invoke.DirectMethodHandle$Holder.invokeSpecial(java.lang.Object, java.lang.Object, java.lang.Object)'> (0x00000005e644cc70) 
thrown [s\open\src\hotspot\share\interpreter\linkResolver.cpp, line 774]
Event: 1.694 Thread 0x000001d2c33792b0 Exception <a 'java/lang/NoSuchMethodError'{0x00000005e656d778}: 'java.lang.Object java.lang.invoke.DirectMethodHandle$Holder.newInvokeSpecial(java.lang.Object, java.lang.Object, java.lang.Object, java.lang.Object, java.lang.Object)'> (0x00000005e656d778) 
thrown [s\open\src\hotspot\share\interpreter\linkResolver.cpp, line 774]
Event: 1.700 Thread 0x000001d2c33792b0 Exception <a 'java/lang/NoSuchMethodError'{0x00000005e659ee60}: 'java.lang.Object java.lang.invoke.DirectMethodHandle$Holder.invokeStatic(java.lang.Object, int, java.lang.Object)'> (0x00000005e659ee60) 
thrown [s\open\src\hotspot\share\interpreter\linkResolver.cpp, line 774]
Event: 1.722 Thread 0x000001d2c33792b0 Exception <a 'java/lang/ClassNotFoundException'{0x00000005e665a868}: com/sun/swing/internal/plaf/metal/resources/spi/metalProvider> (0x00000005e665a868) 
thrown [s\open\src\hotspot\share\classfile\systemDictionary.cpp, line 255]
Event: 1.722 Thread 0x000001d2c33792b0 Exception <a 'java/lang/ClassNotFoundException'{0x00000005e665e818}: com/sun/swing/internal/plaf/basic/resources/spi/basicProvider> (0x00000005e665e818) 
thrown [s\open\src\hotspot\share\classfile\systemDictionary.cpp, line 255]
Event: 1.729 Thread 0x000001d2c33792b0 Exception <a 'java/lang/NoSuchMethodError'{0x00000005e667eb60}: 'int java.lang.invoke.Invokers$Holder.invokeExact_MT(java.lang.Object, java.lang.Object)'> (0x00000005e667eb60) 
thrown [s\open\src\hotspot\share\interpreter\linkResolver.cpp, line 774]
Event: 1.739 Thread 0x000001d2f7bd38d0 Exception <a 'java/lang/NoSuchMethodError'{0x00000005e66ca098}: 'java.lang.Object java.lang.invoke.DirectMethodHandle$Holder.newInvokeSpecial(java.lang.Object, java.lang.Object, java.lang.Object, int, int, int, int, int)'> (0x00000005e66ca098) 
thrown [s\open\src\hotspot\share\interpreter\linkResolver.cpp, line 774]
Event: 1.825 Thread 0x000001d2c33792b0 Exception <a 'java/lang/NoSuchMethodError'{0x00000005e66acec0}: 'void java.lang.invoke.DirectMethodHandle$Holder.invokeStaticInit(java.lang.Object)'> (0x00000005e66acec0) 
thrown [s\open\src\hotspot\share\interpreter\linkResolver.cpp, line 774]
Event: 1.924 Thread 0x000001d2f74c5370 Exception <a 'java/lang/NoSuchMethodError'{0x00000005e64dd100}: 'void java.lang.invoke.DirectMethodHandle$Holder.invokeVirtual(java.lang.Object, java.lang.Object)'> (0x00000005e64dd100) 
thrown [s\open\src\hotspot\share\interpreter\linkResolver.cpp, line 774]

VM Operations (16 events):
Event: 1.451 Executing VM operation: HandshakeAllThreads
Event: 1.451 Executing VM operation: HandshakeAllThreads done
Event: 1.721 Executing VM operation: HandshakeAllThreads
Event: 1.721 Executing VM operation: HandshakeAllThreads done
Event: 1.808 Executing VM operation: HandshakeAllThreads
Event: 1.808 Executing VM operation: HandshakeAllThreads done
Event: 1.982 Executing VM operation: HandshakeAllThreads
Event: 1.982 Executing VM operation: HandshakeAllThreads done
Event: 2.037 Executing VM operation: HandshakeAllThreads
Event: 2.037 Executing VM operation: HandshakeAllThreads done
Event: 2.039 Executing VM operation: HandshakeAllThreads
Event: 2.039 Executing VM operation: HandshakeAllThreads done
Event: 2.043 Executing VM operation: HandshakeAllThreads
Event: 2.043 Executing VM operation: HandshakeAllThreads done
Event: 2.095 Executing VM operation: ICBufferFull
Event: 2.095 Executing VM operation: ICBufferFull done

Events (20 events):
Event: 1.309 Thread 0x000001d2f01ec630 Thread added: 0x000001d2f01ec630
Event: 1.328 Thread 0x000001d2f01ea850 Thread added: 0x000001d2f01ea850
Event: 1.329 Thread 0x000001d2f7110060 Thread added: 0x000001d2f7110060
Event: 1.342 Thread 0x000001d2f72205b0 Thread added: 0x000001d2f72205b0
Event: 1.344 Thread 0x000001d2f7232290 Thread added: 0x000001d2f7232290
Event: 1.347 Thread 0x000001d2f7253e70 Thread added: 0x000001d2f7253e70
Event: 1.505 Thread 0x000001d2f74a5f00 Thread added: 0x000001d2f74a5f00
Event: 1.507 Thread 0x000001d2f74c1f60 Thread added: 0x000001d2f74c1f60
Event: 1.509 Thread 0x000001d2f74c5370 Thread added: 0x000001d2f74c5370
Event: 1.735 Thread 0x000001d2f7bd38d0 Thread added: 0x000001d2f7bd38d0
Event: 1.777 Thread 0x000001d2f7221bf0 Thread added: 0x000001d2f7221bf0
Event: 1.777 Thread 0x000001d2f7222710 Thread added: 0x000001d2f7222710
Event: 1.804 Thread 0x000001d2f7bf55b0 Thread added: 0x000001d2f7bf55b0
Event: 1.966 Thread 0x000001d2f7e0e690 Thread added: 0x000001d2f7e0e690
Event: 2.006 Thread 0x000001d2f7223230 Thread added: 0x000001d2f7223230
Event: 2.092 Thread 0x000001d2f7e7c040 Thread added: 0x000001d2f7e7c040
Event: 2.107 Thread 0x000001d2f7e7c5d0 Thread added: 0x000001d2f7e7c5d0
Event: 2.108 Thread 0x000001d2f7e7aa00 Thread added: 0x000001d2f7e7aa00
Event: 2.108 Thread 0x000001d2c33792b0 Thread exited: 0x000001d2c33792b0
Event: 2.108 Thread 0x000001d2f7a07290 Thread added: 0x000001d2f7a07290


Dynamic libraries:
0x00007ff6015e0000 - 0x00007ff6015f0000 	C:\Program Files\Java\jdk-19\bin\javaw.exe
0x00007ff902ab0000 - 0x00007ff902cc7000 	C:\WINDOWS\SYSTEM32\ntdll.dll
0x00007ff9016b0000 - 0x00007ff901774000 	C:\WINDOWS\System32\KERNEL32.DLL
0x00007ff9003e0000 - 0x00007ff900785000 	C:\WINDOWS\System32\KERNELBASE.dll
0x00007ff8ffe50000 - 0x00007ff8fff61000 	C:\WINDOWS\System32\ucrtbase.dll
0x00007ff8f8fc0000 - 0x00007ff8f8fd8000 	C:\Program Files\Java\jdk-19\bin\jli.dll
0x00007ff8f0020000 - 0x00007ff8f003b000 	C:\Program Files\Java\jdk-19\bin\VCRUNTIME140.dll
0x00007ff900900000 - 0x00007ff9009b1000 	C:\WINDOWS\System32\ADVAPI32.dll
0x00007ff900ef0000 - 0x00007ff900f97000 	C:\WINDOWS\System32\msvcrt.dll
0x00007ff900af0000 - 0x00007ff900b96000 	C:\WINDOWS\System32\sechost.dll
0x00007ff900c30000 - 0x00007ff900d47000 	C:\WINDOWS\System32\RPCRT4.dll
0x00007ff901e30000 - 0x00007ff901fde000 	C:\WINDOWS\System32\USER32.dll
0x00007ff8ffe20000 - 0x00007ff8ffe46000 	C:\WINDOWS\System32\win32u.dll
0x00007ff8f2150000 - 0x00007ff8f23e3000 	C:\WINDOWS\WinSxS\amd64_microsoft.windows.common-controls_6595b64144ccf1df_6.0.22621.2506_none_270c5ae97388e100\COMCTL32.dll
0x00007ff901680000 - 0x00007ff9016a9000 	C:\WINDOWS\System32\GDI32.dll
0x00007ff8fff70000 - 0x00007ff900089000 	C:\WINDOWS\System32\gdi32full.dll
0x00007ff900110000 - 0x00007ff9001aa000 	C:\WINDOWS\System32\msvcp_win.dll
0x00007ff8f83a0000 - 0x00007ff8f83aa000 	C:\WINDOWS\SYSTEM32\VERSION.dll
0x00007ff900a60000 - 0x00007ff900a91000 	C:\WINDOWS\System32\IMM32.DLL
0x00007ff8fa8f0000 - 0x00007ff8fa8fc000 	C:\Program Files\Java\jdk-19\bin\vcruntime140_1.dll
0x00007ff8ee910000 - 0x00007ff8ee99e000 	C:\Program Files\Java\jdk-19\bin\msvcp140.dll
0x00007ff8b4590000 - 0x00007ff8b5250000 	C:\Program Files\Java\jdk-19\bin\server\jvm.dll
0x00007ff8f8f80000 - 0x00007ff8f8f89000 	C:\WINDOWS\SYSTEM32\WSOCK32.dll
0x00007ff8f8040000 - 0x00007ff8f8074000 	C:\WINDOWS\SYSTEM32\WINMM.dll
0x00007ff902990000 - 0x00007ff902a01000 	C:\WINDOWS\System32\WS2_32.dll
0x00007ff8fece0000 - 0x00007ff8fecf8000 	C:\WINDOWS\SYSTEM32\kernel.appcore.dll
0x00007ff8f8130000 - 0x00007ff8f813a000 	C:\Program Files\Java\jdk-19\bin\jimage.dll
0x00007ff8fd7a0000 - 0x00007ff8fd9d3000 	C:\WINDOWS\SYSTEM32\DBGHELP.DLL
0x00007ff900fa0000 - 0x00007ff901329000 	C:\WINDOWS\System32\combase.dll
0x00007ff9013e0000 - 0x00007ff9014b7000 	C:\WINDOWS\System32\OLEAUT32.dll
0x00007ff8ee600000 - 0x00007ff8ee632000 	C:\WINDOWS\SYSTEM32\dbgcore.DLL
0x00007ff900090000 - 0x00007ff90010a000 	C:\WINDOWS\System32\bcryptPrimitives.dll
0x00007ff8ef590000 - 0x00007ff8ef5b6000 	C:\Program Files\Java\jdk-19\bin\java.dll
0x00007ff8e9670000 - 0x00007ff8e9747000 	C:\Program Files\Java\jdk-19\bin\jsvml.dll
0x00007ff902130000 - 0x00007ff902989000 	C:\WINDOWS\System32\SHELL32.dll
0x00007ff8fdcf0000 - 0x00007ff8fe5e4000 	C:\WINDOWS\SYSTEM32\windows.storage.dll
0x00007ff8fdbb0000 - 0x00007ff8fdcee000 	C:\WINDOWS\SYSTEM32\wintypes.dll
0x00007ff901c00000 - 0x00007ff901cf3000 	C:\WINDOWS\System32\SHCORE.dll
0x00007ff900bd0000 - 0x00007ff900c2e000 	C:\WINDOWS\System32\shlwapi.dll
0x00007ff8ffd50000 - 0x00007ff8ffd76000 	C:\WINDOWS\SYSTEM32\profapi.dll
0x00007ff8e5920000 - 0x00007ff8e5ab1000 	C:\Program Files\Java\jdk-19\bin\awt.dll
0x00007ff8fcd20000 - 0x00007ff8fcdb7000 	C:\WINDOWS\SYSTEM32\apphelp.dll
0x00007ff8fd1f0000 - 0x00007ff8fd21b000 	C:\WINDOWS\system32\DWMAPI.DLL
0x00007ff8fcde0000 - 0x00007ff8fce8b000 	C:\WINDOWS\system32\uxtheme.dll
0x00007ff8bba90000 - 0x00007ff8bbb90000 	C:\WINDOWS\system32\opengl32.dll
0x00007ff8bb4c0000 - 0x00007ff8bb4ed000 	C:\WINDOWS\SYSTEM32\GLU32.dll
0x00007ff8fd060000 - 0x00007ff8fd096000 	C:\WINDOWS\SYSTEM32\dxcore.dll
0x00007ff901fe0000 - 0x00007ff90212f000 	C:\WINDOWS\System32\MSCTF.dll
0x00007ff900d50000 - 0x00007ff900ef0000 	C:\WINDOWS\System32\ole32.dll
0x00007ff8c3d40000 - 0x00007ff8c3ee9000 	C:\WINDOWS\system32\d3d9.dll
0x00007ff8f6410000 - 0x00007ff8f65c8000 	C:\WINDOWS\System32\DriverStore\FileRepository\u0380680.inf_amd64_af18cc8f47b8a04e\B374868\aticfx64.dll
0x00007ff8eef20000 - 0x00007ff8eef54000 	C:\WINDOWS\System32\DriverStore\FileRepository\u0380680.inf_amd64_af18cc8f47b8a04e\B374868\atiu9p64.dll
0x00007ff8a4800000 - 0x00007ff8a5554000 	C:\WINDOWS\System32\DriverStore\FileRepository\u0380680.inf_amd64_af18cc8f47b8a04e\B374868\atiumd64.dll
0x000000005ad10000 - 0x000000005bb83000 	C:\WINDOWS\System32\DriverStore\FileRepository\u0380680.inf_amd64_af18cc8f47b8a04e\B374868\atiumd6a.dll
0x00007ff901780000 - 0x00007ff901bf4000 	C:\WINDOWS\System32\SETUPAPI.dll
0x00007ff8ffb40000 - 0x00007ff8ffb8d000 	C:\WINDOWS\SYSTEM32\POWRPROF.dll
0x00007ff8ffa70000 - 0x00007ff8ffa83000 	C:\WINDOWS\SYSTEM32\UMPDC.dll
0x00007ff8f3a90000 - 0x00007ff8f3ac0000 	C:\WINDOWS\SYSTEM32\amdihk64.dll
0x00007ff8fa8a0000 - 0x00007ff8fa8ea000 	C:\WINDOWS\SYSTEM32\directxdatabasehelper.dll
0x00007ff8ef130000 - 0x00007ff8ef148000 	C:\Program Files\Java\jdk-19\bin\zip.dll
0x00007ff8d9660000 - 0x00007ff8d96e6000 	C:\Program Files\Java\jdk-19\bin\freetype.dll
0x00007ff8d88c0000 - 0x00007ff8d8986000 	C:\Program Files\Java\jdk-19\bin\fontmanager.dll
0x00007ff8e8fc0000 - 0x00007ff8e910a000 	C:\WINDOWS\SYSTEM32\textinputframework.dll
0x00007ff8ef380000 - 0x00007ff8ef393000 	C:\Program Files\Java\jdk-19\bin\net.dll
0x00007ff8f7ea0000 - 0x00007ff8f7fd7000 	C:\WINDOWS\SYSTEM32\WINHTTP.dll
0x00007ff8ff250000 - 0x00007ff8ff2b9000 	C:\WINDOWS\system32\mswsock.dll
0x00007ff8ef200000 - 0x00007ff8ef216000 	C:\Program Files\Java\jdk-19\bin\nio.dll
0x00007ff8fc930000 - 0x00007ff8fca63000 	C:\WINDOWS\SYSTEM32\CoreMessaging.dll
0x00007ff8fa0b0000 - 0x00007ff8fa41c000 	C:\WINDOWS\SYSTEM32\CoreUIComponents.dll
0x00007ff8ff580000 - 0x00007ff8ff58c000 	C:\WINDOWS\SYSTEM32\CRYPTBASE.DLL

dbghelp: loaded successfully - version: 4.0.5 - missing functions: none
symbol engine: initialized successfully - sym options: 0x614 - pdb path: .;C:\Program Files\Java\jdk-19\bin;C:\WINDOWS\SYSTEM32;C:\WINDOWS\WinSxS\amd64_microsoft.windows.common-controls_6595b64144ccf1df_6.0.22621.2506_none_270c5ae97388e100;C:\Program Files\Java\jdk-19\bin\server;C:\WINDOWS\System32\DriverStore\FileRepository\u0380680.inf_amd64_af18cc8f47b8a04e\B374868

VM Arguments:
jvm_args: -Dfile.encoding=UTF-8 -XX:+ShowCodeDetailsInExceptionMessages 
java_command: Main
java_class_path (initial): D:\School\Level9_Java\ThirtySeconds\bin
Launcher Type: SUN_STANDARD

[Global flags]
     intx CICompilerCount                          = 12                                        {product} {ergonomic}
     uint ConcGCThreads                            = 3                                         {product} {ergonomic}
     uint G1ConcRefinementThreads                  = 13                                        {product} {ergonomic}
   size_t G1HeapRegionSize                         = 8388608                                   {product} {ergonomic}
    uintx GCDrainStackTargetSize                   = 64                                        {product} {ergonomic}
   size_t InitialHeapSize                          = 603979776                                 {product} {ergonomic}
   size_t MarkStackSize                            = 4194304                                   {product} {ergonomic}
   size_t MaxHeapSize                              = 9621733376                                {product} {ergonomic}
   size_t MaxNewSize                               = 5771362304                                {product} {ergonomic}
   size_t MinHeapDeltaBytes                        = 8388608                                   {product} {ergonomic}
   size_t MinHeapSize                              = 8388608                                   {product} {ergonomic}
    uintx NonNMethodCodeHeapSize                   = 7602480                                {pd product} {ergonomic}
    uintx NonProfiledCodeHeapSize                  = 122027880                              {pd product} {ergonomic}
    uintx ProfiledCodeHeapSize                     = 122027880                              {pd product} {ergonomic}
    uintx ReservedCodeCacheSize                    = 251658240                              {pd product} {ergonomic}
     bool SegmentedCodeCache                       = true                                      {product} {ergonomic}
     bool ShowCodeDetailsInExceptionMessages       = true                                   {manageable} {command line}
   size_t SoftMaxHeapSize                          = 9621733376                             {manageable} {ergonomic}
     bool UseCompressedClassPointers               = true                           {product lp64_product} {ergonomic}
     bool UseCompressedOops                        = true                           {product lp64_product} {ergonomic}
     bool UseG1GC                                  = true                                      {product} {ergonomic}
     bool UseLargePagesIndividualAllocation        = false                                  {pd product} {ergonomic}

Logging:
Log output configuration:
 #0: stdout all=warning uptime,level,tags foldmultilines=false
 #1: stderr all=off uptime,level,tags foldmultilines=false

Environment Variables:
PATH=C:\Program Files\Common Files\Oracle\Java\javapath;C:\Program Files (x86)\Common Files\Oracle\Java\javapath;C:\WINDOWS\system32;C:\WINDOWS;C:\WINDOWS\System32\Wbem;C:\WINDOWS\System32\WindowsPowerShell\v1.0\;C:\WINDOWS\System32\OpenSSH\;C:\Program Files\Git\cmd;C:\PHP;C:\ProgramData\ComposerSetup\bin;C:\Program Files\PuTTY\;C:\Program Files\Microsoft SQL Server\150\Tools\Binn\;C:\Program Files\Microsoft SQL Server\Client SDK\ODBC\170\Tools\Binn\;C:\Program Files\dotnet\;C:\Program Files\nodejs\;C:\Program Files\PowerShell\7\;C:\Users\semst\scoop\apps\maven\current\bin;C:\Users\semst\scoop\shims;C:\Users\semst\AppData\Local\Programs\Python\Python311\Scripts\;C:\Users\semst\AppData\Local\Programs\Python\Python311\;C:\Users\semst\AppData\Local\Microsoft\WindowsApps;C:\Users\semst\AppData\Local\Programs\Microsoft VS Code\bin;C:\Users\semst\AppData\Roaming\Composer\vendor\bin;C:\xampp\mysql\bin\;C:\Program Files\JetBrains\PyCharm 2022.3.2\bin;C:\Users\semst\.dotnet\tools;C:\w64devkit\bin;C:\Program Files\CodeBlocks\MinGW\bin;C:\Users\semst\AppData\Roaming\npm;C:\Users\semst\AppData\Local\gitkraken\bin;C:\Program Files (x86)\Vim\vim90;C:\Program Files\R\R-4.3.1\bin\x64;C:\Users\semst\scoop\cache\maven#3.9.5#https_archive.apache.org_dist_maven_maven-3_3.9.5_binaries_apache-maven-3.9.5-bin.zip\apache-maven-3.9.5\bin;;C:\Program Files\JetBrains\IntelliJ IDEA 2023.2.4\bin;
USERNAME=semst
OS=Windows_NT
PROCESSOR_IDENTIFIER=AMD64 Family 23 Model 104 Stepping 1, AuthenticAMD
TMP=C:\Users\semst\AppData\Local\Temp
TEMP=C:\Users\semst\AppData\Local\Temp



---------------  S Y S T E M  ---------------

OS:
 Windows 11 , 64 bit Build 22621 (10.0.22621.2506)
OS uptime: 0 days 3:07 hours
Hyper-V role detected

CPU: total 16 (initial active 16) (16 cores per cpu, 2 threads per core) family 23 model 104 stepping 1 microcode 0x0, cx8, cmov, fxsr, ht, mmx, 3dnowpref, sse, sse2, sse3, ssse3, sse4a, sse4.1, sse4.2, popcnt, lzcnt, tsc, tscinvbit, avx, avx2, aes, clmul, bmi1, bmi2, adx, sha, fma, vzeroupper, clflush, clflushopt, hv, rdtscp, rdpid

Memory: 4k page, system-wide physical 36686M (20432M free)
TotalPageFile size 97575M (AvailPageFile size 2M)
current process WorkingSet (physical memory assigned to process): 101M, peak: 101M
current process commit charge ("private bytes"): 751M, peak: 752M

vm_info: Java HotSpot(TM) 64-Bit Server VM (19.0.2+7-44) for windows-amd64 JRE (19.0.2+7-44), built on 2022-11-30T18:02:09Z by "mach5one" with MS VC++ 17.1 (VS2022)

END.
